  Base.cpp
  Controllers.cpp
  Graphics.cpp
  Main.cpp
  OpenGEX.cpp
  Particles.cpp
  Quads.cpp
  World.cpp
  TSAlgebra.cpp
  TSBezier.cpp
  TSBivector3D.cpp
  TSBox.cpp
  TSColor.cpp
  TSData.cpp
  TSFlector3D.cpp
  TSGraph.cpp
  TSHalf.cpp
  TSHash.cpp
  TSLine3D.cpp
  TSList.cpp
  TSMap.cpp
  TSMath.cpp
  TSMatrix2D.cpp
  TSMatrix3D.cpp
  TSMatrix4D.cpp
  TSMotor3D.cpp
  TSOpenDDL.cpp
  TSPlane3D.cpp
  TSQuaternion.cpp
  TSString.cpp
  TSText.cpp
  TSTools.cpp
  TSTree.cpp
  TSVector2D.cpp
  TSVector3D.cpp
  TSVector4D.cpp
  MiniEngine.vcxproj -> D:\extra_money\c\150\MiniEngine-HW2\MiniEngine.exe
